<?xml version="1.0" encoding="UTF-8"?>
<coverage generated="1746896751633" clover="3.2.0">
  <project timestamp="1746896751633" name="All files">
    <metrics statements="15" coveredstatements="15" conditionals="0" coveredconditionals="0" methods="10" coveredmethods="10" elements="25" coveredelements="25" complexity="0" loc="15" ncloc="15" packages="1" files="3" classes="3"/>
    <file name="calculadora.js" path="C:\Users\laiss\Documents\meu-github\oficina-aprofunda\oficina-TDD-Laissa-Saraiva\calculadora.js">
      <metrics statements="5" coveredstatements="5" conditionals="0" coveredconditionals="0" methods="4" coveredmethods="4"/>
      <line num="3" count="1" type="stmt"/>
      <line num="7" count="1" type="stmt"/>
      <line num="11" count="1" type="stmt"/>
      <line num="15" count="1" type="stmt"/>
      <line num="19" count="1" type="stmt"/>
    </file>
    <file name="queue.js" path="C:\Users\laiss\Documents\meu-github\oficina-aprofunda\oficina-TDD-Laissa-Saraiva\queue.js">
      <metrics statements="8" coveredstatements="8" conditionals="0" coveredconditionals="0" methods="5" coveredmethods="5"/>
      <line num="4" count="5" type="stmt"/>
      <line num="8" count="1" type="stmt"/>
      <line num="12" count="9" type="stmt"/>
      <line num="13" count="9" type="stmt"/>
      <line num="17" count="1" type="stmt"/>
      <line num="21" count="1" type="stmt"/>
      <line num="22" count="1" type="stmt"/>
      <line num="26" count="1" type="stmt"/>
    </file>
    <file name="soma.js" path="C:\Users\laiss\Documents\meu-github\oficina-aprofunda\oficina-TDD-Laissa-Saraiva\soma.js">
      <metrics statements="2" coveredstatements="2" conditionals="0" coveredconditionals="0" methods="1" coveredmethods="1"/>
      <line num="2" count="1" type="stmt"/>
      <line num="5" count="1" type="stmt"/>
    </file>
  </project>
</coverage>
